{"/Users/adri/scripts/projects/bookclub/book-club-mini/frontend/src/hooks/useBooks.js": {"path":"/Users/adri/scripts/projects/bookclub/book-club-mini/frontend/src/hooks/useBooks.js","all":false,"statementMap":{"0":{"start":{"line":1,"column":0},"end":{"line":1,"column":79}},"3":{"start":{"line":4,"column":0},"end":{"line":4,"column":52}},"5":{"start":{"line":6,"column":0},"end":{"line":6,"column":60}},"6":{"start":{"line":7,"column":0},"end":{"line":7,"column":28}},"7":{"start":{"line":8,"column":0},"end":{"line":8,"column":40}},"8":{"start":{"line":9,"column":0},"end":{"line":9,"column":52}},"9":{"start":{"line":10,"column":0},"end":{"line":10,"column":42}},"10":{"start":{"line":11,"column":0},"end":{"line":11,"column":46}},"12":{"start":{"line":13,"column":0},"end":{"line":13,"column":40}},"13":{"start":{"line":14,"column":0},"end":{"line":14,"column":20}},"14":{"start":{"line":15,"column":0},"end":{"line":15,"column":9}},"15":{"start":{"line":16,"column":0},"end":{"line":16,"column":36}},"16":{"start":{"line":17,"column":0},"end":{"line":17,"column":20}},"17":{"start":{"line":18,"column":0},"end":{"line":18,"column":20}},"18":{"start":{"line":19,"column":0},"end":{"line":19,"column":71}},"19":{"start":{"line":20,"column":0},"end":{"line":20,"column":34}},"20":{"start":{"line":21,"column":0},"end":{"line":21,"column":79}},"21":{"start":{"line":22,"column":0},"end":{"line":22,"column":78}},"22":{"start":{"line":23,"column":0},"end":{"line":23,"column":49}},"23":{"start":{"line":24,"column":0},"end":{"line":24,"column":8}},"24":{"start":{"line":25,"column":0},"end":{"line":25,"column":17}},"25":{"start":{"line":26,"column":0},"end":{"line":26,"column":22}},"26":{"start":{"line":27,"column":0},"end":{"line":27,"column":30}},"27":{"start":{"line":28,"column":0},"end":{"line":28,"column":17}},"28":{"start":{"line":29,"column":0},"end":{"line":29,"column":15}},"29":{"start":{"line":30,"column":0},"end":{"line":30,"column":23}},"30":{"start":{"line":31,"column":0},"end":{"line":31,"column":5}},"31":{"start":{"line":32,"column":0},"end":{"line":32,"column":8}},"33":{"start":{"line":34,"column":0},"end":{"line":34,"column":19}},"34":{"start":{"line":35,"column":0},"end":{"line":35,"column":10}},"35":{"start":{"line":36,"column":0},"end":{"line":36,"column":12}},"37":{"start":{"line":38,"column":0},"end":{"line":38,"column":30}},"38":{"start":{"line":39,"column":0},"end":{"line":39,"column":24}},"39":{"start":{"line":40,"column":0},"end":{"line":40,"column":48}},"40":{"start":{"line":41,"column":0},"end":{"line":41,"column":18}},"41":{"start":{"line":42,"column":0},"end":{"line":42,"column":31}},"42":{"start":{"line":43,"column":0},"end":{"line":43,"column":20}},"43":{"start":{"line":44,"column":0},"end":{"line":44,"column":6}},"44":{"start":{"line":45,"column":0},"end":{"line":45,"column":11}},"45":{"start":{"line":46,"column":0},"end":{"line":46,"column":3}},"47":{"start":{"line":48,"column":0},"end":{"line":48,"column":33}},"48":{"start":{"line":49,"column":0},"end":{"line":49,"column":28}},"49":{"start":{"line":50,"column":0},"end":{"line":50,"column":55}},"50":{"start":{"line":51,"column":0},"end":{"line":51,"column":79}},"51":{"start":{"line":52,"column":0},"end":{"line":52,"column":18}},"52":{"start":{"line":53,"column":0},"end":{"line":53,"column":20}},"53":{"start":{"line":54,"column":0},"end":{"line":54,"column":6}},"54":{"start":{"line":55,"column":0},"end":{"line":55,"column":11}},"55":{"start":{"line":56,"column":0},"end":{"line":56,"column":3}},"57":{"start":{"line":58,"column":0},"end":{"line":58,"column":10}},"58":{"start":{"line":59,"column":0},"end":{"line":59,"column":10}},"59":{"start":{"line":60,"column":0},"end":{"line":60,"column":15}},"60":{"start":{"line":61,"column":0},"end":{"line":61,"column":26}},"61":{"start":{"line":62,"column":0},"end":{"line":62,"column":63}},"62":{"start":{"line":63,"column":0},"end":{"line":63,"column":12}},"63":{"start":{"line":64,"column":0},"end":{"line":64,"column":15}},"64":{"start":{"line":65,"column":0},"end":{"line":65,"column":18}},"65":{"start":{"line":66,"column":0},"end":{"line":66,"column":12}},"66":{"start":{"line":67,"column":0},"end":{"line":67,"column":10}},"67":{"start":{"line":68,"column":0},"end":{"line":68,"column":3}},"68":{"start":{"line":69,"column":0},"end":{"line":69,"column":1}}},"s":{"0":1,"3":1,"5":1,"6":1,"7":14,"8":14,"9":14,"10":14,"12":14,"13":8,"14":8,"15":8,"16":7,"17":7,"18":7,"19":7,"20":7,"21":5,"22":7,"23":7,"24":7,"25":8,"26":1,"27":1,"28":8,"29":8,"30":8,"31":14,"33":14,"34":6,"35":14,"37":14,"38":14,"39":1,"40":1,"41":1,"42":1,"43":14,"44":14,"45":14,"47":14,"48":14,"49":1,"50":1,"51":1,"52":1,"53":14,"54":14,"55":14,"57":14,"58":14,"59":14,"60":14,"61":14,"62":14,"63":14,"64":14,"65":14,"66":14,"67":14,"68":14},"branchMap":{"0":{"type":"branch","line":7,"loc":{"start":{"line":7,"column":7},"end":{"line":69,"column":1}},"locations":[{"start":{"line":7,"column":7},"end":{"line":69,"column":1}}]},"1":{"type":"branch","line":62,"loc":{"start":{"line":62,"column":55},"end":{"line":62,"column":62}},"locations":[{"start":{"line":62,"column":55},"end":{"line":62,"column":62}}]},"2":{"type":"branch","line":13,"loc":{"start":{"line":13,"column":27},"end":{"line":32,"column":3}},"locations":[{"start":{"line":13,"column":27},"end":{"line":32,"column":3}}]},"3":{"type":"branch","line":16,"loc":{"start":{"line":16,"column":35},"end":{"line":26,"column":6}},"locations":[{"start":{"line":16,"column":35},"end":{"line":26,"column":6}}]},"4":{"type":"branch","line":26,"loc":{"start":{"line":26,"column":6},"end":{"line":29,"column":5}},"locations":[{"start":{"line":26,"column":6},"end":{"line":29,"column":5}}]},"5":{"type":"branch","line":29,"loc":{"start":{"line":29,"column":5},"end":{"line":29,"column":6}},"locations":[{"start":{"line":29,"column":5},"end":{"line":29,"column":6}}]},"6":{"type":"branch","line":20,"loc":{"start":{"line":20,"column":20},"end":{"line":24,"column":7}},"locations":[{"start":{"line":20,"column":20},"end":{"line":24,"column":7}}]},"7":{"type":"branch","line":21,"loc":{"start":{"line":21,"column":20},"end":{"line":21,"column":63}},"locations":[{"start":{"line":21,"column":20},"end":{"line":21,"column":63}}]},"8":{"type":"branch","line":21,"loc":{"start":{"line":21,"column":65},"end":{"line":21,"column":79}},"locations":[{"start":{"line":21,"column":65},"end":{"line":21,"column":79}}]},"9":{"type":"branch","line":21,"loc":{"start":{"line":21,"column":72},"end":{"line":23,"column":22}},"locations":[{"start":{"line":21,"column":72},"end":{"line":23,"column":22}}]},"10":{"type":"branch","line":23,"loc":{"start":{"line":23,"column":22},"end":{"line":23,"column":26}},"locations":[{"start":{"line":23,"column":22},"end":{"line":23,"column":26}}]},"11":{"type":"branch","line":23,"loc":{"start":{"line":23,"column":27},"end":{"line":23,"column":41}},"locations":[{"start":{"line":23,"column":27},"end":{"line":23,"column":41}}]},"12":{"type":"branch","line":23,"loc":{"start":{"line":23,"column":37},"end":{"line":23,"column":41}},"locations":[{"start":{"line":23,"column":37},"end":{"line":23,"column":41}}]},"13":{"type":"branch","line":23,"loc":{"start":{"line":23,"column":42},"end":{"line":23,"column":49}},"locations":[{"start":{"line":23,"column":42},"end":{"line":23,"column":49}}]},"14":{"type":"branch","line":21,"loc":{"start":{"line":21,"column":33},"end":{"line":21,"column":62}},"locations":[{"start":{"line":21,"column":33},"end":{"line":21,"column":62}}]},"15":{"type":"branch","line":22,"loc":{"start":{"line":22,"column":34},"end":{"line":22,"column":77}},"locations":[{"start":{"line":22,"column":34},"end":{"line":22,"column":77}}]},"16":{"type":"branch","line":34,"loc":{"start":{"line":34,"column":12},"end":{"line":36,"column":3}},"locations":[{"start":{"line":34,"column":12},"end":{"line":36,"column":3}}]},"17":{"type":"branch","line":39,"loc":{"start":{"line":39,"column":4},"end":{"line":44,"column":5}},"locations":[{"start":{"line":39,"column":4},"end":{"line":44,"column":5}}]},"18":{"type":"branch","line":49,"loc":{"start":{"line":49,"column":4},"end":{"line":54,"column":5}},"locations":[{"start":{"line":49,"column":4},"end":{"line":54,"column":5}}]},"19":{"type":"branch","line":62,"loc":{"start":{"line":62,"column":21},"end":{"line":62,"column":53}},"locations":[{"start":{"line":62,"column":21},"end":{"line":62,"column":53}}]}},"b":{"0":[14],"1":[8],"2":[8],"3":[7],"4":[1],"5":[0],"6":[7],"7":[2],"8":[2],"9":[5],"10":[3],"11":[2],"12":[1],"13":[1],"14":[2],"15":[5],"16":[6],"17":[1],"18":[1],"19":[8]},"fnMap":{"0":{"name":"useBooks","decl":{"start":{"line":7,"column":7},"end":{"line":69,"column":1}},"loc":{"start":{"line":7,"column":7},"end":{"line":69,"column":1}},"line":7}},"f":{"0":14}}
,"/Users/adri/scripts/projects/bookclub/book-club-mini/frontend/src/hooks/useComposer.js": {"path":"/Users/adri/scripts/projects/bookclub/book-club-mini/frontend/src/hooks/useComposer.js","all":false,"statementMap":{"0":{"start":{"line":1,"column":0},"end":{"line":1,"column":77}},"2":{"start":{"line":3,"column":0},"end":{"line":3,"column":35}},"3":{"start":{"line":4,"column":0},"end":{"line":4,"column":33}},"5":{"start":{"line":6,"column":0},"end":{"line":6,"column":67}},"7":{"start":{"line":8,"column":0},"end":{"line":8,"column":3}},"8":{"start":{"line":9,"column":0},"end":{"line":9,"column":59}},"9":{"start":{"line":10,"column":0},"end":{"line":10,"column":2}},"10":{"start":{"line":11,"column":0},"end":{"line":11,"column":79}},"11":{"start":{"line":12,"column":0},"end":{"line":12,"column":67}},"12":{"start":{"line":13,"column":0},"end":{"line":13,"column":40}},"13":{"start":{"line":14,"column":0},"end":{"line":14,"column":3}},"14":{"start":{"line":15,"column":0},"end":{"line":15,"column":64}},"15":{"start":{"line":16,"column":0},"end":{"line":16,"column":41}},"16":{"start":{"line":17,"column":0},"end":{"line":17,"column":45}},"17":{"start":{"line":18,"column":0},"end":{"line":18,"column":42}},"18":{"start":{"line":19,"column":0},"end":{"line":19,"column":53}},"20":{"start":{"line":21,"column":0},"end":{"line":21,"column":30}},"21":{"start":{"line":22,"column":0},"end":{"line":22,"column":15}},"22":{"start":{"line":23,"column":0},"end":{"line":23,"column":74}},"23":{"start":{"line":24,"column":0},"end":{"line":24,"column":75}},"24":{"start":{"line":25,"column":0},"end":{"line":25,"column":63}},"25":{"start":{"line":26,"column":0},"end":{"line":26,"column":14}},"26":{"start":{"line":27,"column":0},"end":{"line":27,"column":87}},"27":{"start":{"line":28,"column":0},"end":{"line":28,"column":78}},"28":{"start":{"line":29,"column":0},"end":{"line":29,"column":7}},"29":{"start":{"line":30,"column":0},"end":{"line":30,"column":6}},"30":{"start":{"line":31,"column":0},"end":{"line":31,"column":21}},"31":{"start":{"line":32,"column":0},"end":{"line":32,"column":3}},"33":{"start":{"line":34,"column":0},"end":{"line":34,"column":33}},"34":{"start":{"line":35,"column":0},"end":{"line":35,"column":79}},"35":{"start":{"line":36,"column":0},"end":{"line":36,"column":14}},"36":{"start":{"line":37,"column":0},"end":{"line":37,"column":3}},"38":{"start":{"line":39,"column":0},"end":{"line":39,"column":49}},"39":{"start":{"line":40,"column":0},"end":{"line":40,"column":28}},"40":{"start":{"line":41,"column":0},"end":{"line":41,"column":48}},"41":{"start":{"line":42,"column":0},"end":{"line":42,"column":75}},"42":{"start":{"line":43,"column":0},"end":{"line":43,"column":77}},"43":{"start":{"line":44,"column":0},"end":{"line":44,"column":74}},"44":{"start":{"line":45,"column":0},"end":{"line":45,"column":69}},"45":{"start":{"line":46,"column":0},"end":{"line":46,"column":61}},"46":{"start":{"line":47,"column":0},"end":{"line":47,"column":17}},"47":{"start":{"line":48,"column":0},"end":{"line":48,"column":6}},"48":{"start":{"line":49,"column":0},"end":{"line":49,"column":8}},"50":{"start":{"line":51,"column":0},"end":{"line":51,"column":44}},"51":{"start":{"line":52,"column":0},"end":{"line":52,"column":63}},"52":{"start":{"line":53,"column":0},"end":{"line":53,"column":47}},"53":{"start":{"line":54,"column":0},"end":{"line":54,"column":5}},"54":{"start":{"line":55,"column":0},"end":{"line":55,"column":60}},"55":{"start":{"line":56,"column":0},"end":{"line":56,"column":37}},"56":{"start":{"line":57,"column":0},"end":{"line":57,"column":5}},"57":{"start":{"line":58,"column":0},"end":{"line":58,"column":55}},"58":{"start":{"line":59,"column":0},"end":{"line":59,"column":52}},"59":{"start":{"line":60,"column":0},"end":{"line":60,"column":5}},"60":{"start":{"line":61,"column":0},"end":{"line":61,"column":15}},"61":{"start":{"line":62,"column":0},"end":{"line":62,"column":8}},"63":{"start":{"line":64,"column":0},"end":{"line":64,"column":42}},"64":{"start":{"line":65,"column":0},"end":{"line":65,"column":36}},"65":{"start":{"line":66,"column":0},"end":{"line":66,"column":18}},"66":{"start":{"line":67,"column":0},"end":{"line":67,"column":23}},"67":{"start":{"line":68,"column":0},"end":{"line":68,"column":17}},"68":{"start":{"line":69,"column":0},"end":{"line":69,"column":5}},"70":{"start":{"line":71,"column":0},"end":{"line":71,"column":23}},"71":{"start":{"line":72,"column":0},"end":{"line":72,"column":9}},"72":{"start":{"line":73,"column":0},"end":{"line":73,"column":38}},"73":{"start":{"line":74,"column":0},"end":{"line":74,"column":26}},"74":{"start":{"line":75,"column":0},"end":{"line":75,"column":26}},"75":{"start":{"line":76,"column":0},"end":{"line":76,"column":71}},"76":{"start":{"line":77,"column":0},"end":{"line":77,"column":62}},"77":{"start":{"line":78,"column":0},"end":{"line":78,"column":8}},"78":{"start":{"line":79,"column":0},"end":{"line":79,"column":22}},"79":{"start":{"line":80,"column":0},"end":{"line":80,"column":20}},"80":{"start":{"line":81,"column":0},"end":{"line":81,"column":20}},"81":{"start":{"line":82,"column":0},"end":{"line":82,"column":20}},"82":{"start":{"line":83,"column":0},"end":{"line":83,"column":22}},"83":{"start":{"line":84,"column":0},"end":{"line":84,"column":78}},"84":{"start":{"line":85,"column":0},"end":{"line":85,"column":45}},"85":{"start":{"line":86,"column":0},"end":{"line":86,"column":30}},"86":{"start":{"line":87,"column":0},"end":{"line":87,"column":17}},"87":{"start":{"line":88,"column":0},"end":{"line":88,"column":15}},"88":{"start":{"line":89,"column":0},"end":{"line":89,"column":26}},"89":{"start":{"line":90,"column":0},"end":{"line":90,"column":5}},"90":{"start":{"line":91,"column":0},"end":{"line":91,"column":34}},"92":{"start":{"line":93,"column":0},"end":{"line":93,"column":36}},"93":{"start":{"line":94,"column":0},"end":{"line":94,"column":52}},"94":{"start":{"line":95,"column":0},"end":{"line":95,"column":18}},"95":{"start":{"line":96,"column":0},"end":{"line":96,"column":18}},"96":{"start":{"line":97,"column":0},"end":{"line":97,"column":8}},"98":{"start":{"line":99,"column":0},"end":{"line":99,"column":33}},"99":{"start":{"line":100,"column":0},"end":{"line":100,"column":77}},"100":{"start":{"line":101,"column":0},"end":{"line":101,"column":18}},"101":{"start":{"line":102,"column":0},"end":{"line":102,"column":3}},"103":{"start":{"line":104,"column":0},"end":{"line":104,"column":10}},"104":{"start":{"line":105,"column":0},"end":{"line":105,"column":9}},"105":{"start":{"line":106,"column":0},"end":{"line":106,"column":12}},"106":{"start":{"line":107,"column":0},"end":{"line":107,"column":11}},"107":{"start":{"line":108,"column":0},"end":{"line":108,"column":13}},"108":{"start":{"line":109,"column":0},"end":{"line":109,"column":15}},"109":{"start":{"line":110,"column":0},"end":{"line":110,"column":11}},"110":{"start":{"line":111,"column":0},"end":{"line":111,"column":11}},"111":{"start":{"line":112,"column":0},"end":{"line":112,"column":10}},"112":{"start":{"line":113,"column":0},"end":{"line":113,"column":15}},"113":{"start":{"line":114,"column":0},"end":{"line":114,"column":19}},"114":{"start":{"line":115,"column":0},"end":{"line":115,"column":53}},"115":{"start":{"line":116,"column":0},"end":{"line":116,"column":39}},"116":{"start":{"line":117,"column":0},"end":{"line":117,"column":3}},"117":{"start":{"line":118,"column":0},"end":{"line":118,"column":1}}},"s":{"0":1,"2":1,"3":1,"5":1,"7":1,"8":1,"9":1,"10":1,"11":1,"12":1,"13":1,"14":1,"15":44,"16":44,"17":44,"18":44,"20":44,"21":44,"22":11,"23":11,"24":11,"25":8,"26":11,"27":11,"28":11,"29":44,"30":44,"31":44,"33":44,"34":44,"35":44,"36":44,"38":44,"39":12,"40":12,"41":12,"42":12,"43":12,"44":12,"45":12,"46":12,"47":12,"48":44,"50":44,"51":51,"52":25,"53":25,"54":51,"55":14,"56":14,"57":51,"58":3,"59":3,"60":9,"61":44,"63":44,"64":7,"65":7,"66":4,"67":4,"68":4,"70":3,"71":3,"72":3,"73":3,"74":3,"75":7,"76":7,"77":7,"78":2,"79":2,"80":2,"81":2,"82":7,"83":1,"84":1,"85":1,"86":1,"87":7,"88":3,"89":3,"90":44,"92":44,"93":1,"94":1,"95":1,"96":44,"98":44,"99":44,"100":44,"101":44,"103":44,"104":44,"105":44,"106":44,"107":44,"108":44,"109":44,"110":44,"111":44,"112":44,"113":44,"114":44,"115":44,"116":44,"117":44},"branchMap":{"0":{"type":"branch","line":15,"loc":{"start":{"line":15,"column":7},"end":{"line":118,"column":1}},"locations":[{"start":{"line":15,"column":7},"end":{"line":118,"column":1}}]},"1":{"type":"branch","line":22,"loc":{"start":{"line":22,"column":4},"end":{"line":30,"column":5}},"locations":[{"start":{"line":22,"column":4},"end":{"line":30,"column":5}}]},"2":{"type":"branch","line":25,"loc":{"start":{"line":25,"column":31},"end":{"line":25,"column":63}},"locations":[{"start":{"line":25,"column":31},"end":{"line":25,"column":63}}]},"3":{"type":"branch","line":25,"loc":{"start":{"line":25,"column":62},"end":{"line":27,"column":31}},"locations":[{"start":{"line":25,"column":62},"end":{"line":27,"column":31}}]},"4":{"type":"branch","line":27,"loc":{"start":{"line":27,"column":31},"end":{"line":27,"column":40}},"locations":[{"start":{"line":27,"column":31},"end":{"line":27,"column":40}}]},"5":{"type":"branch","line":27,"loc":{"start":{"line":27,"column":49},"end":{"line":27,"column":81}},"locations":[{"start":{"line":27,"column":49},"end":{"line":27,"column":81}}]},"6":{"type":"branch","line":27,"loc":{"start":{"line":27,"column":82},"end":{"line":27,"column":86}},"locations":[{"start":{"line":27,"column":82},"end":{"line":27,"column":86}}]},"7":{"type":"branch","line":28,"loc":{"start":{"line":28,"column":28},"end":{"line":28,"column":34}},"locations":[{"start":{"line":28,"column":28},"end":{"line":28,"column":34}}]},"8":{"type":"branch","line":28,"loc":{"start":{"line":28,"column":43},"end":{"line":28,"column":72}},"locations":[{"start":{"line":28,"column":43},"end":{"line":28,"column":72}}]},"9":{"type":"branch","line":28,"loc":{"start":{"line":28,"column":73},"end":{"line":28,"column":77}},"locations":[{"start":{"line":28,"column":73},"end":{"line":28,"column":77}}]},"10":{"type":"branch","line":35,"loc":{"start":{"line":35,"column":4},"end":{"line":35,"column":78}},"locations":[{"start":{"line":35,"column":4},"end":{"line":35,"column":78}}]},"11":{"type":"branch","line":35,"loc":{"start":{"line":35,"column":24},"end":{"line":35,"column":77}},"locations":[{"start":{"line":35,"column":24},"end":{"line":35,"column":77}}]},"12":{"type":"branch","line":39,"loc":{"start":{"line":39,"column":31},"end":{"line":49,"column":3}},"locations":[{"start":{"line":39,"column":31},"end":{"line":49,"column":3}}]},"13":{"type":"branch","line":40,"loc":{"start":{"line":40,"column":14},"end":{"line":48,"column":5}},"locations":[{"start":{"line":40,"column":14},"end":{"line":48,"column":5}}]},"14":{"type":"branch","line":46,"loc":{"start":{"line":46,"column":29},"end":{"line":46,"column":45}},"locations":[{"start":{"line":46,"column":29},"end":{"line":46,"column":45}}]},"15":{"type":"branch","line":46,"loc":{"start":{"line":46,"column":47},"end":{"line":46,"column":61}},"locations":[{"start":{"line":46,"column":47},"end":{"line":46,"column":61}}]},"16":{"type":"branch","line":51,"loc":{"start":{"line":51,"column":31},"end":{"line":62,"column":3}},"locations":[{"start":{"line":51,"column":31},"end":{"line":62,"column":3}}]},"17":{"type":"branch","line":52,"loc":{"start":{"line":52,"column":35},"end":{"line":52,"column":60}},"locations":[{"start":{"line":52,"column":35},"end":{"line":52,"column":60}}]},"18":{"type":"branch","line":52,"loc":{"start":{"line":52,"column":62},"end":{"line":54,"column":5}},"locations":[{"start":{"line":52,"column":62},"end":{"line":54,"column":5}}]},"19":{"type":"branch","line":54,"loc":{"start":{"line":54,"column":4},"end":{"line":55,"column":35}},"locations":[{"start":{"line":54,"column":4},"end":{"line":55,"column":35}}]},"20":{"type":"branch","line":55,"loc":{"start":{"line":55,"column":35},"end":{"line":55,"column":57}},"locations":[{"start":{"line":55,"column":35},"end":{"line":55,"column":57}}]},"21":{"type":"branch","line":55,"loc":{"start":{"line":55,"column":59},"end":{"line":57,"column":5}},"locations":[{"start":{"line":55,"column":59},"end":{"line":57,"column":5}}]},"22":{"type":"branch","line":57,"loc":{"start":{"line":57,"column":4},"end":{"line":58,"column":27}},"locations":[{"start":{"line":57,"column":4},"end":{"line":58,"column":27}}]},"23":{"type":"branch","line":58,"loc":{"start":{"line":58,"column":27},"end":{"line":58,"column":52}},"locations":[{"start":{"line":58,"column":27},"end":{"line":58,"column":52}}]},"24":{"type":"branch","line":58,"loc":{"start":{"line":58,"column":54},"end":{"line":60,"column":5}},"locations":[{"start":{"line":58,"column":54},"end":{"line":60,"column":5}}]},"25":{"type":"branch","line":60,"loc":{"start":{"line":60,"column":4},"end":{"line":62,"column":2}},"locations":[{"start":{"line":60,"column":4},"end":{"line":62,"column":2}}]},"26":{"type":"branch","line":64,"loc":{"start":{"line":64,"column":29},"end":{"line":91,"column":3}},"locations":[{"start":{"line":64,"column":29},"end":{"line":91,"column":3}}]},"27":{"type":"branch","line":66,"loc":{"start":{"line":66,"column":17},"end":{"line":69,"column":5}},"locations":[{"start":{"line":66,"column":17},"end":{"line":69,"column":5}}]},"28":{"type":"branch","line":69,"loc":{"start":{"line":69,"column":4},"end":{"line":76,"column":39}},"locations":[{"start":{"line":69,"column":4},"end":{"line":76,"column":39}}]},"29":{"type":"branch","line":76,"loc":{"start":{"line":76,"column":39},"end":{"line":76,"column":63}},"locations":[{"start":{"line":76,"column":39},"end":{"line":76,"column":63}}]},"30":{"type":"branch","line":76,"loc":{"start":{"line":76,"column":64},"end":{"line":76,"column":70}},"locations":[{"start":{"line":76,"column":64},"end":{"line":76,"column":70}}]},"31":{"type":"branch","line":77,"loc":{"start":{"line":77,"column":33},"end":{"line":77,"column":54}},"locations":[{"start":{"line":77,"column":33},"end":{"line":77,"column":54}}]},"32":{"type":"branch","line":77,"loc":{"start":{"line":77,"column":55},"end":{"line":77,"column":61}},"locations":[{"start":{"line":77,"column":55},"end":{"line":77,"column":61}}]},"33":{"type":"branch","line":78,"loc":{"start":{"line":78,"column":7},"end":{"line":83,"column":6}},"locations":[{"start":{"line":78,"column":7},"end":{"line":83,"column":6}}]},"34":{"type":"branch","line":83,"loc":{"start":{"line":83,"column":6},"end":{"line":88,"column":5}},"locations":[{"start":{"line":83,"column":6},"end":{"line":88,"column":5}}]},"35":{"type":"branch","line":88,"loc":{"start":{"line":88,"column":5},"end":{"line":88,"column":6}},"locations":[{"start":{"line":88,"column":5},"end":{"line":88,"column":6}}]},"36":{"type":"branch","line":88,"loc":{"start":{"line":88,"column":6},"end":{"line":90,"column":5}},"locations":[{"start":{"line":88,"column":6},"end":{"line":90,"column":5}}]},"37":{"type":"branch","line":93,"loc":{"start":{"line":93,"column":29},"end":{"line":97,"column":3}},"locations":[{"start":{"line":93,"column":29},"end":{"line":97,"column":3}}]},"38":{"type":"branch","line":100,"loc":{"start":{"line":100,"column":4},"end":{"line":100,"column":76}},"locations":[{"start":{"line":100,"column":4},"end":{"line":100,"column":76}}]},"39":{"type":"branch","line":100,"loc":{"start":{"line":100,"column":48},"end":{"line":100,"column":68}},"locations":[{"start":{"line":100,"column":48},"end":{"line":100,"column":68}}]},"40":{"type":"branch","line":100,"loc":{"start":{"line":100,"column":69},"end":{"line":100,"column":75}},"locations":[{"start":{"line":100,"column":69},"end":{"line":100,"column":75}}]}},"b":{"0":[44],"1":[11],"2":[3],"3":[8],"4":[3],"5":[3],"6":[5],"7":[3],"8":[3],"9":[5],"10":[11],"11":[11],"12":[12],"13":[12],"14":[3],"15":[2],"16":[51],"17":[27],"18":[25],"19":[26],"20":[24],"21":[14],"22":[12],"23":[3],"24":[3],"25":[9],"26":[7],"27":[4],"28":[3],"29":[1],"30":[2],"31":[0],"32":[3],"33":[2],"34":[1],"35":[0],"36":[3],"37":[1],"38":[22],"39":[2],"40":[20]},"fnMap":{"0":{"name":"useComposer","decl":{"start":{"line":15,"column":7},"end":{"line":118,"column":1}},"loc":{"start":{"line":15,"column":7},"end":{"line":118,"column":1}},"line":15}},"f":{"0":44}}
,"/Users/adri/scripts/projects/bookclub/book-club-mini/frontend/src/hooks/useFeed.js": {"path":"/Users/adri/scripts/projects/bookclub/book-club-mini/frontend/src/hooks/useFeed.js","all":false,"statementMap":{"0":{"start":{"line":1,"column":0},"end":{"line":1,"column":87}},"3":{"start":{"line":4,"column":0},"end":{"line":4,"column":66}},"4":{"start":{"line":5,"column":0},"end":{"line":5,"column":24}},"5":{"start":{"line":6,"column":0},"end":{"line":6,"column":12}},"6":{"start":{"line":7,"column":0},"end":{"line":7,"column":23}},"7":{"start":{"line":8,"column":0},"end":{"line":8,"column":21}},"8":{"start":{"line":9,"column":0},"end":{"line":9,"column":23}},"9":{"start":{"line":10,"column":0},"end":{"line":10,"column":1}},"11":{"start":{"line":12,"column":0},"end":{"line":12,"column":3}},"12":{"start":{"line":13,"column":0},"end":{"line":13,"column":42}},"13":{"start":{"line":14,"column":0},"end":{"line":14,"column":2}},"14":{"start":{"line":15,"column":0},"end":{"line":15,"column":79}},"15":{"start":{"line":16,"column":0},"end":{"line":16,"column":77}},"16":{"start":{"line":17,"column":0},"end":{"line":17,"column":66}},"17":{"start":{"line":18,"column":0},"end":{"line":18,"column":3}},"18":{"start":{"line":19,"column":0},"end":{"line":19,"column":46}},"19":{"start":{"line":20,"column":0},"end":{"line":20,"column":40}},"20":{"start":{"line":21,"column":0},"end":{"line":21,"column":45}},"21":{"start":{"line":22,"column":0},"end":{"line":22,"column":42}},"22":{"start":{"line":23,"column":0},"end":{"line":23,"column":47}},"24":{"start":{"line":25,"column":0},"end":{"line":25,"column":32}},"26":{"start":{"line":27,"column":0},"end":{"line":27,"column":40}},"27":{"start":{"line":28,"column":0},"end":{"line":28,"column":23}},"28":{"start":{"line":29,"column":0},"end":{"line":29,"column":61}},"29":{"start":{"line":30,"column":0},"end":{"line":30,"column":32}},"31":{"start":{"line":32,"column":0},"end":{"line":32,"column":27}},"32":{"start":{"line":33,"column":0},"end":{"line":33,"column":20}},"33":{"start":{"line":34,"column":0},"end":{"line":34,"column":9}},"34":{"start":{"line":35,"column":0},"end":{"line":35,"column":49}},"35":{"start":{"line":36,"column":0},"end":{"line":36,"column":19}},"36":{"start":{"line":37,"column":0},"end":{"line":37,"column":20}},"37":{"start":{"line":38,"column":0},"end":{"line":38,"column":22}},"38":{"start":{"line":39,"column":0},"end":{"line":39,"column":76}},"39":{"start":{"line":40,"column":0},"end":{"line":40,"column":57}},"40":{"start":{"line":41,"column":0},"end":{"line":41,"column":30}},"41":{"start":{"line":42,"column":0},"end":{"line":42,"column":15}},"42":{"start":{"line":43,"column":0},"end":{"line":43,"column":30}},"43":{"start":{"line":44,"column":0},"end":{"line":44,"column":23}},"44":{"start":{"line":45,"column":0},"end":{"line":45,"column":5}},"45":{"start":{"line":46,"column":0},"end":{"line":46,"column":18}},"47":{"start":{"line":48,"column":0},"end":{"line":48,"column":19}},"48":{"start":{"line":49,"column":0},"end":{"line":49,"column":17}},"49":{"start":{"line":50,"column":0},"end":{"line":50,"column":10}},"50":{"start":{"line":51,"column":0},"end":{"line":51,"column":69}},"52":{"start":{"line":53,"column":0},"end":{"line":53,"column":19}},"53":{"start":{"line":54,"column":0},"end":{"line":54,"column":32}},"54":{"start":{"line":55,"column":0},"end":{"line":55,"column":45}},"55":{"start":{"line":56,"column":0},"end":{"line":56,"column":61}},"56":{"start":{"line":57,"column":0},"end":{"line":57,"column":12}},"58":{"start":{"line":59,"column":0},"end":{"line":59,"column":54}},"60":{"start":{"line":61,"column":0},"end":{"line":61,"column":10}},"61":{"start":{"line":62,"column":0},"end":{"line":62,"column":9}},"62":{"start":{"line":63,"column":0},"end":{"line":63,"column":10}},"63":{"start":{"line":64,"column":0},"end":{"line":64,"column":77}},"64":{"start":{"line":65,"column":0},"end":{"line":65,"column":37}},"65":{"start":{"line":66,"column":0},"end":{"line":66,"column":31}},"66":{"start":{"line":67,"column":0},"end":{"line":67,"column":29}},"67":{"start":{"line":68,"column":0},"end":{"line":68,"column":11}},"68":{"start":{"line":69,"column":0},"end":{"line":69,"column":14}},"69":{"start":{"line":70,"column":0},"end":{"line":70,"column":12}},"70":{"start":{"line":71,"column":0},"end":{"line":71,"column":10}},"71":{"start":{"line":72,"column":0},"end":{"line":72,"column":18}},"72":{"start":{"line":73,"column":0},"end":{"line":73,"column":66}},"73":{"start":{"line":74,"column":0},"end":{"line":74,"column":25}},"74":{"start":{"line":75,"column":0},"end":{"line":75,"column":26}},"75":{"start":{"line":76,"column":0},"end":{"line":76,"column":76}},"76":{"start":{"line":77,"column":0},"end":{"line":77,"column":8}},"77":{"start":{"line":78,"column":0},"end":{"line":78,"column":27}},"78":{"start":{"line":79,"column":0},"end":{"line":79,"column":26}},"79":{"start":{"line":80,"column":0},"end":{"line":80,"column":15}},"80":{"start":{"line":81,"column":0},"end":{"line":81,"column":79}},"81":{"start":{"line":82,"column":0},"end":{"line":82,"column":20}},"82":{"start":{"line":83,"column":0},"end":{"line":83,"column":8}},"83":{"start":{"line":84,"column":0},"end":{"line":84,"column":3}},"84":{"start":{"line":85,"column":0},"end":{"line":85,"column":1}},"86":{"start":{"line":87,"column":0},"end":{"line":87,"column":37}},"87":{"start":{"line":88,"column":0},"end":{"line":88,"column":32}},"88":{"start":{"line":89,"column":0},"end":{"line":89,"column":27}},"89":{"start":{"line":90,"column":0},"end":{"line":90,"column":71}},"90":{"start":{"line":91,"column":0},"end":{"line":91,"column":25}},"91":{"start":{"line":92,"column":0},"end":{"line":92,"column":53}},"92":{"start":{"line":93,"column":0},"end":{"line":93,"column":1}}},"s":{"0":1,"3":1,"4":1,"5":1,"6":1,"7":1,"8":1,"9":1,"11":1,"12":1,"13":1,"14":1,"15":1,"16":1,"17":1,"18":1,"19":37,"20":37,"21":37,"22":37,"24":37,"26":37,"27":23,"28":22,"29":23,"31":12,"32":12,"33":12,"34":12,"35":11,"36":11,"37":23,"38":1,"39":1,"40":1,"41":23,"42":12,"43":12,"44":12,"45":37,"47":37,"48":11,"49":11,"50":37,"52":37,"53":11,"54":11,"55":11,"56":37,"58":37,"60":37,"61":37,"62":37,"63":37,"64":37,"65":37,"66":37,"67":37,"68":37,"69":37,"70":37,"71":37,"72":37,"73":37,"74":1,"75":1,"76":37,"77":37,"78":1,"79":1,"80":1,"81":1,"82":37,"83":37,"84":37,"86":37,"87":37,"88":37,"89":1,"90":1,"91":1,"92":1},"branchMap":{"0":{"type":"branch","line":19,"loc":{"start":{"line":19,"column":7},"end":{"line":85,"column":1}},"locations":[{"start":{"line":19,"column":7},"end":{"line":85,"column":1}}]},"1":{"type":"branch","line":59,"loc":{"start":{"line":59,"column":32},"end":{"line":59,"column":39}},"locations":[{"start":{"line":59,"column":32},"end":{"line":59,"column":39}}]},"2":{"type":"branch","line":59,"loc":{"start":{"line":59,"column":40},"end":{"line":59,"column":45}},"locations":[{"start":{"line":59,"column":40},"end":{"line":59,"column":45}}]},"3":{"type":"branch","line":64,"loc":{"start":{"line":64,"column":16},"end":{"line":64,"column":24}},"locations":[{"start":{"line":64,"column":16},"end":{"line":64,"column":24}}]},"4":{"type":"branch","line":64,"loc":{"start":{"line":64,"column":25},"end":{"line":64,"column":76}},"locations":[{"start":{"line":64,"column":25},"end":{"line":64,"column":76}}]},"5":{"type":"branch","line":65,"loc":{"start":{"line":65,"column":19},"end":{"line":65,"column":30}},"locations":[{"start":{"line":65,"column":19},"end":{"line":65,"column":30}}]},"6":{"type":"branch","line":65,"loc":{"start":{"line":65,"column":31},"end":{"line":65,"column":36}},"locations":[{"start":{"line":65,"column":31},"end":{"line":65,"column":36}}]},"7":{"type":"branch","line":66,"loc":{"start":{"line":66,"column":15},"end":{"line":66,"column":22}},"locations":[{"start":{"line":66,"column":15},"end":{"line":66,"column":22}}]},"8":{"type":"branch","line":66,"loc":{"start":{"line":66,"column":23},"end":{"line":66,"column":30}},"locations":[{"start":{"line":66,"column":23},"end":{"line":66,"column":30}}]},"9":{"type":"branch","line":67,"loc":{"start":{"line":67,"column":14},"end":{"line":67,"column":20}},"locations":[{"start":{"line":67,"column":14},"end":{"line":67,"column":20}}]},"10":{"type":"branch","line":67,"loc":{"start":{"line":67,"column":21},"end":{"line":67,"column":28}},"locations":[{"start":{"line":67,"column":21},"end":{"line":67,"column":28}}]},"11":{"type":"branch","line":27,"loc":{"start":{"line":27,"column":27},"end":{"line":46,"column":3}},"locations":[{"start":{"line":27,"column":27},"end":{"line":46,"column":3}}]},"12":{"type":"branch","line":28,"loc":{"start":{"line":28,"column":17},"end":{"line":28,"column":23}},"locations":[{"start":{"line":28,"column":17},"end":{"line":28,"column":23}}]},"13":{"type":"branch","line":28,"loc":{"start":{"line":28,"column":17},"end":{"line":30,"column":26}},"locations":[{"start":{"line":28,"column":17},"end":{"line":30,"column":26}}]},"14":{"type":"branch","line":30,"loc":{"start":{"line":30,"column":26},"end":{"line":30,"column":32}},"locations":[{"start":{"line":30,"column":26},"end":{"line":30,"column":32}}]},"15":{"type":"branch","line":30,"loc":{"start":{"line":30,"column":26},"end":{"line":35,"column":49}},"locations":[{"start":{"line":30,"column":26},"end":{"line":35,"column":49}}]},"16":{"type":"branch","line":35,"loc":{"start":{"line":35,"column":48},"end":{"line":38,"column":6}},"locations":[{"start":{"line":35,"column":48},"end":{"line":38,"column":6}}]},"17":{"type":"branch","line":38,"loc":{"start":{"line":38,"column":6},"end":{"line":42,"column":5}},"locations":[{"start":{"line":38,"column":6},"end":{"line":42,"column":5}}]},"18":{"type":"branch","line":42,"loc":{"start":{"line":42,"column":5},"end":{"line":45,"column":5}},"locations":[{"start":{"line":42,"column":5},"end":{"line":45,"column":5}}]},"19":{"type":"branch","line":48,"loc":{"start":{"line":48,"column":12},"end":{"line":51,"column":3}},"locations":[{"start":{"line":48,"column":12},"end":{"line":51,"column":3}}]},"20":{"type":"branch","line":53,"loc":{"start":{"line":53,"column":12},"end":{"line":57,"column":3}},"locations":[{"start":{"line":53,"column":12},"end":{"line":57,"column":3}}]},"21":{"type":"branch","line":54,"loc":{"start":{"line":54,"column":20},"end":{"line":54,"column":32}},"locations":[{"start":{"line":54,"column":20},"end":{"line":54,"column":32}}]},"22":{"type":"branch","line":56,"loc":{"start":{"line":56,"column":11},"end":{"line":56,"column":61}},"locations":[{"start":{"line":56,"column":11},"end":{"line":56,"column":61}}]},"23":{"type":"branch","line":74,"loc":{"start":{"line":74,"column":16},"end":{"line":77,"column":7}},"locations":[{"start":{"line":74,"column":16},"end":{"line":77,"column":7}}]},"24":{"type":"branch","line":75,"loc":{"start":{"line":75,"column":14},"end":{"line":76,"column":75}},"locations":[{"start":{"line":75,"column":14},"end":{"line":76,"column":75}}]},"25":{"type":"branch","line":76,"loc":{"start":{"line":76,"column":66},"end":{"line":76,"column":75}},"locations":[{"start":{"line":76,"column":66},"end":{"line":76,"column":75}}]},"26":{"type":"branch","line":78,"loc":{"start":{"line":78,"column":16},"end":{"line":83,"column":7}},"locations":[{"start":{"line":78,"column":16},"end":{"line":83,"column":7}}]},"27":{"type":"branch","line":79,"loc":{"start":{"line":79,"column":14},"end":{"line":82,"column":19}},"locations":[{"start":{"line":79,"column":14},"end":{"line":82,"column":19}}]},"28":{"type":"branch","line":82,"loc":{"start":{"line":82,"column":10},"end":{"line":82,"column":19}},"locations":[{"start":{"line":82,"column":10},"end":{"line":82,"column":19}}]},"29":{"type":"branch","line":81,"loc":{"start":{"line":81,"column":54},"end":{"line":81,"column":76}},"locations":[{"start":{"line":81,"column":54},"end":{"line":81,"column":76}}]},"30":{"type":"branch","line":87,"loc":{"start":{"line":87,"column":0},"end":{"line":93,"column":1}},"locations":[{"start":{"line":87,"column":0},"end":{"line":93,"column":1}}]},"31":{"type":"branch","line":89,"loc":{"start":{"line":89,"column":15},"end":{"line":89,"column":27}},"locations":[{"start":{"line":89,"column":15},"end":{"line":89,"column":27}}]},"32":{"type":"branch","line":89,"loc":{"start":{"line":89,"column":22},"end":{"line":93,"column":1}},"locations":[{"start":{"line":89,"column":22},"end":{"line":93,"column":1}}]},"33":{"type":"branch","line":92,"loc":{"start":{"line":92,"column":22},"end":{"line":92,"column":52}},"locations":[{"start":{"line":92,"column":22},"end":{"line":92,"column":52}}]}},"b":{"0":[37],"1":[18],"2":[19],"3":[18],"4":[19],"5":[18],"6":[19],"7":[18],"8":[19],"9":[18],"10":[19],"11":[23],"12":[1],"13":[22],"14":[10],"15":[12],"16":[11],"17":[1],"18":[12],"19":[11],"20":[11],"21":[11],"22":[11],"23":[1],"24":[1],"25":[0],"26":[1],"27":[1],"28":[0],"29":[2],"30":[37],"31":[36],"32":[1],"33":[2]},"fnMap":{"0":{"name":"useFeed","decl":{"start":{"line":19,"column":7},"end":{"line":85,"column":1}},"loc":{"start":{"line":19,"column":7},"end":{"line":85,"column":1}},"line":19},"1":{"name":"onFocus","decl":{"start":{"line":54,"column":20},"end":{"line":54,"column":32}},"loc":{"start":{"line":54,"column":20},"end":{"line":54,"column":32}},"line":54},"2":{"name":"insertPost","decl":{"start":{"line":74,"column":16},"end":{"line":77,"column":7}},"loc":{"start":{"line":74,"column":16},"end":{"line":77,"column":7}},"line":74},"3":{"name":"removePost","decl":{"start":{"line":78,"column":16},"end":{"line":83,"column":7}},"loc":{"start":{"line":78,"column":16},"end":{"line":83,"column":7}},"line":78},"4":{"name":"applyFilter","decl":{"start":{"line":87,"column":0},"end":{"line":93,"column":1}},"loc":{"start":{"line":87,"column":0},"end":{"line":93,"column":1}},"line":87}},"f":{"0":37,"1":11,"2":1,"3":1,"4":37}}
,"/Users/adri/scripts/projects/bookclub/book-club-mini/frontend/src/hooks/useMe.js": {"path":"/Users/adri/scripts/projects/bookclub/book-club-mini/frontend/src/hooks/useMe.js","all":false,"statementMap":{"0":{"start":{"line":1,"column":0},"end":{"line":1,"column":66}},"3":{"start":{"line":4,"column":0},"end":{"line":4,"column":78}},"4":{"start":{"line":5,"column":0},"end":{"line":5,"column":25}},"5":{"start":{"line":6,"column":0},"end":{"line":6,"column":36}},"6":{"start":{"line":7,"column":0},"end":{"line":7,"column":42}},"8":{"start":{"line":9,"column":0},"end":{"line":9,"column":19}},"9":{"start":{"line":10,"column":0},"end":{"line":10,"column":19}},"10":{"start":{"line":11,"column":0},"end":{"line":11,"column":7}},"11":{"start":{"line":12,"column":0},"end":{"line":12,"column":11}},"12":{"start":{"line":13,"column":0},"end":{"line":13,"column":42}},"13":{"start":{"line":14,"column":0},"end":{"line":14,"column":58}},"14":{"start":{"line":15,"column":0},"end":{"line":15,"column":18}},"15":{"start":{"line":16,"column":0},"end":{"line":16,"column":18}},"16":{"start":{"line":17,"column":0},"end":{"line":17,"column":5}},"17":{"start":{"line":18,"column":0},"end":{"line":18,"column":8}},"19":{"start":{"line":20,"column":0},"end":{"line":20,"column":10}},"20":{"start":{"line":21,"column":0},"end":{"line":21,"column":31}},"21":{"start":{"line":22,"column":0},"end":{"line":22,"column":31}},"22":{"start":{"line":23,"column":0},"end":{"line":23,"column":42}},"23":{"start":{"line":24,"column":0},"end":{"line":24,"column":43}},"24":{"start":{"line":25,"column":0},"end":{"line":25,"column":10}},"25":{"start":{"line":26,"column":0},"end":{"line":26,"column":3}},"26":{"start":{"line":27,"column":0},"end":{"line":27,"column":1}}},"s":{"0":1,"3":1,"4":1,"5":4,"6":4,"8":4,"9":2,"10":2,"11":2,"12":2,"13":2,"14":2,"15":2,"16":2,"17":4,"19":4,"20":4,"21":4,"22":4,"23":4,"24":4,"25":4,"26":4},"branchMap":{"0":{"type":"branch","line":5,"loc":{"start":{"line":5,"column":7},"end":{"line":27,"column":1}},"locations":[{"start":{"line":5,"column":7},"end":{"line":27,"column":1}}]},"1":{"type":"branch","line":21,"loc":{"start":{"line":21,"column":14},"end":{"line":21,"column":22}},"locations":[{"start":{"line":21,"column":14},"end":{"line":21,"column":22}}]},"2":{"type":"branch","line":21,"loc":{"start":{"line":21,"column":23},"end":{"line":21,"column":30}},"locations":[{"start":{"line":21,"column":23},"end":{"line":21,"column":30}}]},"3":{"type":"branch","line":22,"loc":{"start":{"line":22,"column":15},"end":{"line":22,"column":24}},"locations":[{"start":{"line":22,"column":15},"end":{"line":22,"column":24}}]},"4":{"type":"branch","line":22,"loc":{"start":{"line":22,"column":25},"end":{"line":22,"column":30}},"locations":[{"start":{"line":22,"column":25},"end":{"line":22,"column":30}}]},"5":{"type":"branch","line":23,"loc":{"start":{"line":23,"column":19},"end":{"line":23,"column":33}},"locations":[{"start":{"line":23,"column":19},"end":{"line":23,"column":33}}]},"6":{"type":"branch","line":23,"loc":{"start":{"line":23,"column":34},"end":{"line":23,"column":41}},"locations":[{"start":{"line":23,"column":34},"end":{"line":23,"column":41}}]},"7":{"type":"branch","line":24,"loc":{"start":{"line":24,"column":25},"end":{"line":24,"column":42}},"locations":[{"start":{"line":24,"column":25},"end":{"line":24,"column":42}}]},"8":{"type":"branch","line":9,"loc":{"start":{"line":9,"column":12},"end":{"line":18,"column":3}},"locations":[{"start":{"line":9,"column":12},"end":{"line":18,"column":3}}]},"9":{"type":"branch","line":13,"loc":{"start":{"line":13,"column":12},"end":{"line":13,"column":41}},"locations":[{"start":{"line":13,"column":12},"end":{"line":13,"column":41}}]},"10":{"type":"branch","line":14,"loc":{"start":{"line":14,"column":13},"end":{"line":14,"column":57}},"locations":[{"start":{"line":14,"column":13},"end":{"line":14,"column":57}}]},"11":{"type":"branch","line":15,"loc":{"start":{"line":15,"column":11},"end":{"line":17,"column":5}},"locations":[{"start":{"line":15,"column":11},"end":{"line":17,"column":5}}]}},"b":{"0":[4],"1":[1],"2":[3],"3":[1],"4":[3],"5":[1],"6":[3],"7":[3],"8":[2],"9":[1],"10":[1],"11":[2]},"fnMap":{"0":{"name":"useMe","decl":{"start":{"line":5,"column":7},"end":{"line":27,"column":1}},"loc":{"start":{"line":5,"column":7},"end":{"line":27,"column":1}},"line":5}},"f":{"0":4}}
,"/Users/adri/scripts/projects/bookclub/book-club-mini/frontend/src/hooks/useReveal.js": {"path":"/Users/adri/scripts/projects/bookclub/book-club-mini/frontend/src/hooks/useReveal.js","all":false,"statementMap":{"0":{"start":{"line":1,"column":0},"end":{"line":1,"column":68}},"3":{"start":{"line":4,"column":0},"end":{"line":4,"column":3}},"4":{"start":{"line":5,"column":0},"end":{"line":5,"column":36}},"5":{"start":{"line":6,"column":0},"end":{"line":6,"column":2}},"6":{"start":{"line":7,"column":0},"end":{"line":7,"column":77}},"7":{"start":{"line":8,"column":0},"end":{"line":8,"column":24}},"8":{"start":{"line":9,"column":0},"end":{"line":9,"column":3}},"9":{"start":{"line":10,"column":0},"end":{"line":10,"column":29}},"10":{"start":{"line":11,"column":0},"end":{"line":11,"column":59}},"11":{"start":{"line":12,"column":0},"end":{"line":12,"column":42}},"13":{"start":{"line":14,"column":0},"end":{"line":14,"column":42}},"14":{"start":{"line":15,"column":0},"end":{"line":15,"column":58}},"15":{"start":{"line":16,"column":0},"end":{"line":16,"column":8}},"17":{"start":{"line":18,"column":0},"end":{"line":18,"column":78}},"19":{"start":{"line":20,"column":0},"end":{"line":20,"column":48}},"20":{"start":{"line":21,"column":0},"end":{"line":21,"column":75}},"21":{"start":{"line":22,"column":0},"end":{"line":22,"column":73}},"22":{"start":{"line":23,"column":0},"end":{"line":23,"column":47}},"23":{"start":{"line":24,"column":0},"end":{"line":24,"column":60}},"24":{"start":{"line":25,"column":0},"end":{"line":25,"column":15}},"25":{"start":{"line":26,"column":0},"end":{"line":26,"column":8}},"27":{"start":{"line":28,"column":0},"end":{"line":28,"column":87}},"29":{"start":{"line":30,"column":0},"end":{"line":30,"column":72}},"31":{"start":{"line":32,"column":0},"end":{"line":32,"column":60}},"32":{"start":{"line":33,"column":0},"end":{"line":33,"column":1}}},"s":{"0":1,"3":1,"4":1,"5":1,"6":1,"7":1,"8":1,"9":1,"10":7,"11":7,"13":7,"14":2,"15":7,"17":7,"19":7,"20":1,"21":1,"22":1,"23":1,"24":1,"25":7,"27":7,"29":7,"31":7,"32":7},"branchMap":{"0":{"type":"branch","line":10,"loc":{"start":{"line":10,"column":7},"end":{"line":33,"column":1}},"locations":[{"start":{"line":10,"column":7},"end":{"line":33,"column":1}}]},"1":{"type":"branch","line":11,"loc":{"start":{"line":11,"column":43},"end":{"line":11,"column":58}},"locations":[{"start":{"line":11,"column":43},"end":{"line":11,"column":58}}]},"2":{"type":"branch","line":14,"loc":{"start":{"line":14,"column":29},"end":{"line":16,"column":3}},"locations":[{"start":{"line":14,"column":29},"end":{"line":16,"column":3}}]},"3":{"type":"branch","line":15,"loc":{"start":{"line":15,"column":16},"end":{"line":15,"column":57}},"locations":[{"start":{"line":15,"column":16},"end":{"line":15,"column":57}}]},"4":{"type":"branch","line":18,"loc":{"start":{"line":18,"column":33},"end":{"line":18,"column":65}},"locations":[{"start":{"line":18,"column":33},"end":{"line":18,"column":65}}]},"5":{"type":"branch","line":20,"loc":{"start":{"line":20,"column":29},"end":{"line":26,"column":3}},"locations":[{"start":{"line":20,"column":29},"end":{"line":26,"column":3}}]},"6":{"type":"branch","line":24,"loc":{"start":{"line":24,"column":14},"end":{"line":24,"column":59}},"locations":[{"start":{"line":24,"column":14},"end":{"line":24,"column":59}}]},"7":{"type":"branch","line":28,"loc":{"start":{"line":28,"column":30},"end":{"line":28,"column":76}},"locations":[{"start":{"line":28,"column":30},"end":{"line":28,"column":76}}]},"8":{"type":"branch","line":28,"loc":{"start":{"line":28,"column":56},"end":{"line":28,"column":76}},"locations":[{"start":{"line":28,"column":56},"end":{"line":28,"column":76}}]},"9":{"type":"branch","line":30,"loc":{"start":{"line":30,"column":33},"end":{"line":30,"column":61}},"locations":[{"start":{"line":30,"column":33},"end":{"line":30,"column":61}}]}},"b":{"0":[7],"1":[4],"2":[2],"3":[2],"4":[3],"5":[1],"6":[1],"7":[2],"8":[1],"9":[1]},"fnMap":{"0":{"name":"useReveal","decl":{"start":{"line":10,"column":7},"end":{"line":33,"column":1}},"loc":{"start":{"line":10,"column":7},"end":{"line":33,"column":1}},"line":10}},"f":{"0":7}}
,"/Users/adri/scripts/projects/bookclub/book-club-mini/frontend/src/lib/api.js": {"path":"/Users/adri/scripts/projects/bookclub/book-club-mini/frontend/src/lib/api.js","all":false,"statementMap":{"0":{"start":{"line":1,"column":0},"end":{"line":1,"column":3}},"1":{"start":{"line":2,"column":0},"end":{"line":2,"column":18}},"2":{"start":{"line":3,"column":0},"end":{"line":3,"column":2}},"3":{"start":{"line":4,"column":0},"end":{"line":4,"column":77}},"4":{"start":{"line":5,"column":0},"end":{"line":5,"column":73}},"5":{"start":{"line":6,"column":0},"end":{"line":6,"column":46}},"6":{"start":{"line":7,"column":0},"end":{"line":7,"column":3}},"8":{"start":{"line":9,"column":0},"end":{"line":9,"column":37}},"9":{"start":{"line":10,"column":0},"end":{"line":10,"column":32}},"10":{"start":{"line":11,"column":0},"end":{"line":11,"column":18}},"11":{"start":{"line":12,"column":0},"end":{"line":12,"column":26}},"12":{"start":{"line":13,"column":0},"end":{"line":13,"column":24}},"13":{"start":{"line":14,"column":0},"end":{"line":14,"column":3}},"14":{"start":{"line":15,"column":0},"end":{"line":15,"column":1}},"16":{"start":{"line":17,"column":0},"end":{"line":17,"column":66}},"18":{"start":{"line":19,"column":0},"end":{"line":19,"column":44}},"19":{"start":{"line":20,"column":0},"end":{"line":20,"column":14}},"20":{"start":{"line":21,"column":0},"end":{"line":21,"column":7}},"21":{"start":{"line":22,"column":0},"end":{"line":22,"column":43}},"22":{"start":{"line":23,"column":0},"end":{"line":23,"column":54}},"23":{"start":{"line":24,"column":0},"end":{"line":24,"column":17}},"24":{"start":{"line":25,"column":0},"end":{"line":25,"column":6}},"25":{"start":{"line":26,"column":0},"end":{"line":26,"column":11}},"26":{"start":{"line":27,"column":0},"end":{"line":27,"column":38}},"27":{"start":{"line":28,"column":0},"end":{"line":28,"column":3}},"29":{"start":{"line":30,"column":0},"end":{"line":30,"column":42}},"31":{"start":{"line":32,"column":0},"end":{"line":32,"column":17}},"32":{"start":{"line":33,"column":0},"end":{"line":33,"column":7}},"33":{"start":{"line":34,"column":0},"end":{"line":34,"column":32}},"34":{"start":{"line":35,"column":0},"end":{"line":35,"column":11}},"35":{"start":{"line":36,"column":0},"end":{"line":36,"column":15}},"36":{"start":{"line":37,"column":0},"end":{"line":37,"column":3}},"38":{"start":{"line":39,"column":0},"end":{"line":39,"column":21}},"39":{"start":{"line":40,"column":0},"end":{"line":40,"column":23}},"40":{"start":{"line":41,"column":0},"end":{"line":41,"column":66}},"41":{"start":{"line":42,"column":0},"end":{"line":42,"column":22}},"42":{"start":{"line":43,"column":0},"end":{"line":43,"column":5}},"43":{"start":{"line":44,"column":0},"end":{"line":44,"column":3}},"44":{"start":{"line":45,"column":0},"end":{"line":45,"column":13}},"45":{"start":{"line":46,"column":0},"end":{"line":46,"column":1}},"47":{"start":{"line":48,"column":0},"end":{"line":48,"column":43}},"48":{"start":{"line":49,"column":0},"end":{"line":49,"column":58}},"50":{"start":{"line":51,"column":0},"end":{"line":51,"column":20}},"51":{"start":{"line":52,"column":0},"end":{"line":52,"column":27}},"52":{"start":{"line":53,"column":0},"end":{"line":53,"column":33}},"53":{"start":{"line":54,"column":0},"end":{"line":54,"column":45}},"54":{"start":{"line":55,"column":0},"end":{"line":55,"column":70}},"56":{"start":{"line":57,"column":0},"end":{"line":57,"column":32}},"57":{"start":{"line":58,"column":0},"end":{"line":58,"column":81}},"59":{"start":{"line":60,"column":0},"end":{"line":60,"column":59}},"60":{"start":{"line":61,"column":0},"end":{"line":61,"column":68}},"61":{"start":{"line":62,"column":0},"end":{"line":62,"column":68}},"62":{"start":{"line":63,"column":0},"end":{"line":63,"column":49}},"63":{"start":{"line":64,"column":0},"end":{"line":64,"column":1}}},"s":{"0":1,"1":1,"2":1,"3":1,"4":1,"5":1,"6":1,"8":1,"9":1,"10":8,"11":8,"12":8,"13":8,"14":1,"16":1,"18":33,"19":33,"20":33,"21":33,"22":33,"23":33,"24":33,"25":33,"26":2,"27":2,"29":33,"31":30,"32":30,"33":30,"34":33,"35":1,"36":1,"38":33,"39":5,"40":5,"41":5,"42":5,"43":5,"44":25,"45":25,"47":1,"48":3,"50":1,"51":1,"52":1,"53":1,"54":1,"56":1,"57":1,"59":1,"60":1,"61":1,"62":1,"63":1},"branchMap":{"0":{"type":"branch","line":10,"loc":{"start":{"line":10,"column":2},"end":{"line":14,"column":3}},"locations":[{"start":{"line":10,"column":2},"end":{"line":14,"column":3}}]},"1":{"type":"branch","line":19,"loc":{"start":{"line":19,"column":0},"end":{"line":46,"column":1}},"locations":[{"start":{"line":19,"column":0},"end":{"line":46,"column":1}}]},"2":{"type":"branch","line":25,"loc":{"start":{"line":25,"column":5},"end":{"line":26,"column":4}},"locations":[{"start":{"line":25,"column":5},"end":{"line":26,"column":4}}]},"3":{"type":"branch","line":26,"loc":{"start":{"line":26,"column":4},"end":{"line":28,"column":3}},"locations":[{"start":{"line":26,"column":4},"end":{"line":28,"column":3}}]},"4":{"type":"branch","line":28,"loc":{"start":{"line":28,"column":2},"end":{"line":30,"column":31}},"locations":[{"start":{"line":28,"column":2},"end":{"line":30,"column":31}}]},"5":{"type":"branch","line":30,"loc":{"start":{"line":30,"column":31},"end":{"line":30,"column":42}},"locations":[{"start":{"line":30,"column":31},"end":{"line":30,"column":42}}]},"6":{"type":"branch","line":30,"loc":{"start":{"line":30,"column":38},"end":{"line":35,"column":4}},"locations":[{"start":{"line":30,"column":38},"end":{"line":35,"column":4}}]},"7":{"type":"branch","line":30,"loc":{"start":{"line":30,"column":38},"end":{"line":34,"column":32}},"locations":[{"start":{"line":30,"column":38},"end":{"line":34,"column":32}}]},"8":{"type":"branch","line":34,"loc":{"start":{"line":34,"column":31},"end":{"line":35,"column":4}},"locations":[{"start":{"line":34,"column":31},"end":{"line":35,"column":4}}]},"9":{"type":"branch","line":35,"loc":{"start":{"line":35,"column":4},"end":{"line":37,"column":3}},"locations":[{"start":{"line":35,"column":4},"end":{"line":37,"column":3}}]},"10":{"type":"branch","line":37,"loc":{"start":{"line":37,"column":2},"end":{"line":39,"column":20}},"locations":[{"start":{"line":37,"column":2},"end":{"line":39,"column":20}}]},"11":{"type":"branch","line":39,"loc":{"start":{"line":39,"column":20},"end":{"line":44,"column":3}},"locations":[{"start":{"line":39,"column":20},"end":{"line":44,"column":3}}]},"12":{"type":"branch","line":41,"loc":{"start":{"line":41,"column":10},"end":{"line":41,"column":17}},"locations":[{"start":{"line":41,"column":10},"end":{"line":41,"column":17}}]},"13":{"type":"branch","line":41,"loc":{"start":{"line":41,"column":18},"end":{"line":41,"column":65}},"locations":[{"start":{"line":41,"column":18},"end":{"line":41,"column":65}}]},"14":{"type":"branch","line":44,"loc":{"start":{"line":44,"column":2},"end":{"line":46,"column":1}},"locations":[{"start":{"line":44,"column":2},"end":{"line":46,"column":1}}]},"15":{"type":"branch","line":48,"loc":{"start":{"line":48,"column":13},"end":{"line":49,"column":58}},"locations":[{"start":{"line":48,"column":13},"end":{"line":49,"column":58}}]},"16":{"type":"branch","line":48,"loc":{"start":{"line":48,"column":25},"end":{"line":49,"column":58}},"locations":[{"start":{"line":48,"column":25},"end":{"line":49,"column":58}}]},"17":{"type":"branch","line":52,"loc":{"start":{"line":52,"column":6},"end":{"line":52,"column":26}},"locations":[{"start":{"line":52,"column":6},"end":{"line":52,"column":26}}]},"18":{"type":"branch","line":53,"loc":{"start":{"line":53,"column":9},"end":{"line":53,"column":32}},"locations":[{"start":{"line":53,"column":9},"end":{"line":53,"column":32}}]},"19":{"type":"branch","line":55,"loc":{"start":{"line":55,"column":14},"end":{"line":55,"column":69}},"locations":[{"start":{"line":55,"column":14},"end":{"line":55,"column":69}}]},"20":{"type":"branch","line":57,"loc":{"start":{"line":57,"column":8},"end":{"line":58,"column":80}},"locations":[{"start":{"line":57,"column":8},"end":{"line":58,"column":80}}]},"21":{"type":"branch","line":58,"loc":{"start":{"line":58,"column":39},"end":{"line":58,"column":72}},"locations":[{"start":{"line":58,"column":39},"end":{"line":58,"column":72}}]},"22":{"type":"branch","line":58,"loc":{"start":{"line":58,"column":73},"end":{"line":58,"column":77}},"locations":[{"start":{"line":58,"column":73},"end":{"line":58,"column":77}}]},"23":{"type":"branch","line":60,"loc":{"start":{"line":60,"column":14},"end":{"line":60,"column":58}},"locations":[{"start":{"line":60,"column":14},"end":{"line":60,"column":58}}]},"24":{"type":"branch","line":62,"loc":{"start":{"line":62,"column":14},"end":{"line":62,"column":67}},"locations":[{"start":{"line":62,"column":14},"end":{"line":62,"column":67}}]},"25":{"type":"branch","line":63,"loc":{"start":{"line":63,"column":12},"end":{"line":63,"column":48}},"locations":[{"start":{"line":63,"column":12},"end":{"line":63,"column":48}}]}},"b":{"0":[8],"1":[33],"2":[31],"3":[2],"4":[31],"5":[1],"6":[32],"7":[30],"8":[29],"9":[1],"10":[30],"11":[5],"12":[4],"13":[1],"14":[25],"15":[4],"16":[3],"17":[2],"18":[12],"19":[1],"20":[14],"21":[3],"22":[11],"23":[1],"24":[1],"25":[1]},"fnMap":{"0":{"name":"ApiError","decl":{"start":{"line":10,"column":2},"end":{"line":14,"column":3}},"loc":{"start":{"line":10,"column":2},"end":{"line":14,"column":3}},"line":10},"1":{"name":"request","decl":{"start":{"line":19,"column":0},"end":{"line":46,"column":1}},"loc":{"start":{"line":19,"column":0},"end":{"line":46,"column":1}},"line":19},"2":{"name":"send","decl":{"start":{"line":48,"column":13},"end":{"line":49,"column":58}},"loc":{"start":{"line":48,"column":13},"end":{"line":49,"column":58}},"line":48},"3":{"name":"me","decl":{"start":{"line":52,"column":6},"end":{"line":52,"column":26}},"loc":{"start":{"line":52,"column":6},"end":{"line":52,"column":26}},"line":52},"4":{"name":"books","decl":{"start":{"line":53,"column":9},"end":{"line":53,"column":32}},"loc":{"start":{"line":53,"column":9},"end":{"line":53,"column":32}},"line":53},"5":{"name":"updateBook","decl":{"start":{"line":55,"column":14},"end":{"line":55,"column":69}},"loc":{"start":{"line":55,"column":14},"end":{"line":55,"column":69}},"line":55},"6":{"name":"feed","decl":{"start":{"line":57,"column":8},"end":{"line":58,"column":80}},"loc":{"start":{"line":57,"column":8},"end":{"line":58,"column":80}},"line":57},"7":{"name":"createPost","decl":{"start":{"line":60,"column":14},"end":{"line":60,"column":58}},"loc":{"start":{"line":60,"column":14},"end":{"line":60,"column":58}},"line":60},"8":{"name":"editPost","decl":{"start":{"line":61,"column":12},"end":{"line":61,"column":67}},"loc":{"start":{"line":61,"column":12},"end":{"line":61,"column":67}},"line":61},"9":{"name":"deletePost","decl":{"start":{"line":62,"column":14},"end":{"line":62,"column":67}},"loc":{"start":{"line":62,"column":14},"end":{"line":62,"column":67}},"line":62},"10":{"name":"postBody","decl":{"start":{"line":63,"column":12},"end":{"line":63,"column":48}},"loc":{"start":{"line":63,"column":12},"end":{"line":63,"column":48}},"line":63}},"f":{"0":8,"1":33,"2":4,"3":2,"4":12,"5":1,"6":14,"7":1,"8":0,"9":1,"10":1}}
,"/Users/adri/scripts/projects/bookclub/book-club-mini/frontend/src/lib/formatPosition.js": {"path":"/Users/adri/scripts/projects/bookclub/book-club-mini/frontend/src/lib/formatPosition.js","all":false,"statementMap":{"0":{"start":{"line":1,"column":0},"end":{"line":1,"column":3}},"1":{"start":{"line":2,"column":0},"end":{"line":2,"column":35}},"2":{"start":{"line":3,"column":0},"end":{"line":3,"column":2}},"3":{"start":{"line":4,"column":0},"end":{"line":4,"column":77}},"4":{"start":{"line":5,"column":0},"end":{"line":5,"column":3}},"5":{"start":{"line":6,"column":0},"end":{"line":6,"column":42}},"6":{"start":{"line":7,"column":0},"end":{"line":7,"column":56}},"7":{"start":{"line":8,"column":0},"end":{"line":8,"column":60}},"8":{"start":{"line":9,"column":0},"end":{"line":9,"column":54}},"9":{"start":{"line":10,"column":0},"end":{"line":10,"column":1}}},"s":{"0":1,"1":1,"2":1,"3":1,"4":1,"5":1,"6":4,"7":4,"8":1,"9":1},"branchMap":{"0":{"type":"branch","line":6,"loc":{"start":{"line":6,"column":7},"end":{"line":10,"column":1}},"locations":[{"start":{"line":6,"column":7},"end":{"line":10,"column":1}}]},"1":{"type":"branch","line":7,"loc":{"start":{"line":7,"column":16},"end":{"line":7,"column":43}},"locations":[{"start":{"line":7,"column":16},"end":{"line":7,"column":43}}]},"2":{"type":"branch","line":7,"loc":{"start":{"line":7,"column":45},"end":{"line":8,"column":29}},"locations":[{"start":{"line":7,"column":45},"end":{"line":8,"column":29}}]},"3":{"type":"branch","line":8,"loc":{"start":{"line":8,"column":29},"end":{"line":10,"column":1}},"locations":[{"start":{"line":8,"column":29},"end":{"line":10,"column":1}}]}},"b":{"0":[4],"1":[3],"2":[2],"3":[1]},"fnMap":{"0":{"name":"formatPosition","decl":{"start":{"line":6,"column":7},"end":{"line":10,"column":1}},"loc":{"start":{"line":6,"column":7},"end":{"line":10,"column":1}},"line":6}},"f":{"0":4}}
,"/Users/adri/scripts/projects/bookclub/book-club-mini/frontend/src/lib/formatTime.js": {"path":"/Users/adri/scripts/projects/bookclub/book-club-mini/frontend/src/lib/formatTime.js","all":false,"statementMap":{"0":{"start":{"line":1,"column":0},"end":{"line":1,"column":17}},"1":{"start":{"line":2,"column":0},"end":{"line":2,"column":24}},"2":{"start":{"line":3,"column":0},"end":{"line":3,"column":21}},"4":{"start":{"line":5,"column":0},"end":{"line":5,"column":54}},"5":{"start":{"line":6,"column":0},"end":{"line":6,"column":61}},"6":{"start":{"line":7,"column":0},"end":{"line":7,"column":23}},"7":{"start":{"line":8,"column":0},"end":{"line":8,"column":60}},"9":{"start":{"line":10,"column":0},"end":{"line":10,"column":41}},"10":{"start":{"line":11,"column":0},"end":{"line":11,"column":67}},"11":{"start":{"line":12,"column":0},"end":{"line":12,"column":64}},"13":{"start":{"line":14,"column":0},"end":{"line":14,"column":40}},"14":{"start":{"line":15,"column":0},"end":{"line":15,"column":54}},"15":{"start":{"line":16,"column":0},"end":{"line":16,"column":1}},"17":{"start":{"line":18,"column":0},"end":{"line":18,"column":38}},"18":{"start":{"line":19,"column":0},"end":{"line":19,"column":40}},"19":{"start":{"line":20,"column":0},"end":{"line":20,"column":23}},"20":{"start":{"line":21,"column":0},"end":{"line":21,"column":52}},"21":{"start":{"line":22,"column":0},"end":{"line":22,"column":24}},"22":{"start":{"line":23,"column":0},"end":{"line":23,"column":23}},"23":{"start":{"line":24,"column":0},"end":{"line":24,"column":4}},"24":{"start":{"line":25,"column":0},"end":{"line":25,"column":1}}},"s":{"0":1,"1":1,"2":1,"4":1,"5":1,"6":6,"7":5,"9":6,"10":6,"11":6,"13":2,"14":6,"15":6,"17":1,"18":1,"19":2,"20":1,"21":1,"22":1,"23":1,"24":1},"branchMap":{"0":{"type":"branch","line":6,"loc":{"start":{"line":6,"column":7},"end":{"line":16,"column":1}},"locations":[{"start":{"line":6,"column":7},"end":{"line":16,"column":1}}]},"1":{"type":"branch","line":7,"loc":{"start":{"line":7,"column":14},"end":{"line":7,"column":23}},"locations":[{"start":{"line":7,"column":14},"end":{"line":7,"column":23}}]},"2":{"type":"branch","line":7,"loc":{"start":{"line":7,"column":22},"end":{"line":10,"column":24}},"locations":[{"start":{"line":7,"column":22},"end":{"line":10,"column":24}}]},"3":{"type":"branch","line":10,"loc":{"start":{"line":10,"column":24},"end":{"line":10,"column":41}},"locations":[{"start":{"line":10,"column":24},"end":{"line":10,"column":41}}]},"4":{"type":"branch","line":10,"loc":{"start":{"line":10,"column":40},"end":{"line":11,"column":22}},"locations":[{"start":{"line":10,"column":40},"end":{"line":11,"column":22}}]},"5":{"type":"branch","line":11,"loc":{"start":{"line":11,"column":22},"end":{"line":11,"column":67}},"locations":[{"start":{"line":11,"column":22},"end":{"line":11,"column":67}}]},"6":{"type":"branch","line":11,"loc":{"start":{"line":11,"column":66},"end":{"line":12,"column":21}},"locations":[{"start":{"line":11,"column":66},"end":{"line":12,"column":21}}]},"7":{"type":"branch","line":12,"loc":{"start":{"line":12,"column":21},"end":{"line":12,"column":64}},"locations":[{"start":{"line":12,"column":21},"end":{"line":12,"column":64}}]},"8":{"type":"branch","line":12,"loc":{"start":{"line":12,"column":63},"end":{"line":15,"column":20}},"locations":[{"start":{"line":12,"column":63},"end":{"line":15,"column":20}}]},"9":{"type":"branch","line":15,"loc":{"start":{"line":15,"column":20},"end":{"line":15,"column":33}},"locations":[{"start":{"line":15,"column":20},"end":{"line":15,"column":33}}]},"10":{"type":"branch","line":15,"loc":{"start":{"line":15,"column":34},"end":{"line":15,"column":54}},"locations":[{"start":{"line":15,"column":34},"end":{"line":15,"column":54}}]},"11":{"type":"branch","line":19,"loc":{"start":{"line":19,"column":7},"end":{"line":25,"column":1}},"locations":[{"start":{"line":19,"column":7},"end":{"line":25,"column":1}}]},"12":{"type":"branch","line":20,"loc":{"start":{"line":20,"column":14},"end":{"line":25,"column":1}},"locations":[{"start":{"line":20,"column":14},"end":{"line":25,"column":1}}]}},"b":{"0":[6],"1":[1],"2":[5],"3":[1],"4":[4],"5":[1],"6":[3],"7":[1],"8":[2],"9":[1],"10":[1],"11":[2],"12":[1]},"fnMap":{"0":{"name":"formatRelativeTime","decl":{"start":{"line":6,"column":7},"end":{"line":16,"column":1}},"loc":{"start":{"line":6,"column":7},"end":{"line":16,"column":1}},"line":6},"1":{"name":"formatExactTime","decl":{"start":{"line":19,"column":7},"end":{"line":25,"column":1}},"loc":{"start":{"line":19,"column":7},"end":{"line":25,"column":1}},"line":19}},"f":{"0":6,"1":2}}
,"/Users/adri/scripts/projects/bookclub/book-club-mini/frontend/src/lib/readerColour.js": {"path":"/Users/adri/scripts/projects/bookclub/book-club-mini/frontend/src/lib/readerColour.js","all":false,"statementMap":{"0":{"start":{"line":1,"column":0},"end":{"line":1,"column":3}},"1":{"start":{"line":2,"column":0},"end":{"line":2,"column":76}},"2":{"start":{"line":3,"column":0},"end":{"line":3,"column":2}},"3":{"start":{"line":4,"column":0},"end":{"line":4,"column":77}},"4":{"start":{"line":5,"column":0},"end":{"line":5,"column":77}},"5":{"start":{"line":6,"column":0},"end":{"line":6,"column":77}},"6":{"start":{"line":7,"column":0},"end":{"line":7,"column":41}},"7":{"start":{"line":8,"column":0},"end":{"line":8,"column":3}},"8":{"start":{"line":9,"column":0},"end":{"line":9,"column":68}},"10":{"start":{"line":11,"column":0},"end":{"line":11,"column":43}},"11":{"start":{"line":12,"column":0},"end":{"line":12,"column":55}},"12":{"start":{"line":13,"column":0},"end":{"line":13,"column":54}},"13":{"start":{"line":14,"column":0},"end":{"line":14,"column":1}},"15":{"start":{"line":16,"column":0},"end":{"line":16,"column":49}},"16":{"start":{"line":17,"column":0},"end":{"line":17,"column":65}},"17":{"start":{"line":18,"column":0},"end":{"line":18,"column":1}},"19":{"start":{"line":20,"column":0},"end":{"line":20,"column":35}},"20":{"start":{"line":21,"column":0},"end":{"line":21,"column":61}},"21":{"start":{"line":22,"column":0},"end":{"line":22,"column":1}}},"s":{"0":1,"1":1,"2":1,"3":1,"4":1,"5":1,"6":1,"7":1,"8":1,"10":1,"11":7,"12":5,"13":5,"15":1,"16":2,"17":2,"19":1,"20":2,"21":2},"branchMap":{"0":{"type":"branch","line":11,"loc":{"start":{"line":11,"column":7},"end":{"line":14,"column":1}},"locations":[{"start":{"line":11,"column":7},"end":{"line":14,"column":1}}]},"1":{"type":"branch","line":12,"loc":{"start":{"line":12,"column":20},"end":{"line":12,"column":32}},"locations":[{"start":{"line":12,"column":20},"end":{"line":12,"column":32}}]},"2":{"type":"branch","line":12,"loc":{"start":{"line":12,"column":34},"end":{"line":12,"column":55}},"locations":[{"start":{"line":12,"column":34},"end":{"line":12,"column":55}}]},"3":{"type":"branch","line":12,"loc":{"start":{"line":12,"column":54},"end":{"line":14,"column":1}},"locations":[{"start":{"line":12,"column":54},"end":{"line":14,"column":1}}]},"4":{"type":"branch","line":16,"loc":{"start":{"line":16,"column":7},"end":{"line":18,"column":1}},"locations":[{"start":{"line":16,"column":7},"end":{"line":18,"column":1}}]},"5":{"type":"branch","line":17,"loc":{"start":{"line":17,"column":60},"end":{"line":17,"column":64}},"locations":[{"start":{"line":17,"column":60},"end":{"line":17,"column":64}}]},"6":{"type":"branch","line":20,"loc":{"start":{"line":20,"column":7},"end":{"line":22,"column":1}},"locations":[{"start":{"line":20,"column":7},"end":{"line":22,"column":1}}]},"7":{"type":"branch","line":21,"loc":{"start":{"line":21,"column":16},"end":{"line":21,"column":55}},"locations":[{"start":{"line":21,"column":16},"end":{"line":21,"column":55}}]},"8":{"type":"branch","line":21,"loc":{"start":{"line":21,"column":56},"end":{"line":21,"column":61}},"locations":[{"start":{"line":21,"column":56},"end":{"line":21,"column":61}}]}},"b":{"0":[7],"1":[6],"2":[2],"3":[5],"4":[2],"5":[0],"6":[2],"7":[1],"8":[1]},"fnMap":{"0":{"name":"assignReaderColour","decl":{"start":{"line":11,"column":7},"end":{"line":14,"column":1}},"loc":{"start":{"line":11,"column":7},"end":{"line":14,"column":1}},"line":11},"1":{"name":"readerColourFor","decl":{"start":{"line":16,"column":7},"end":{"line":18,"column":1}},"loc":{"start":{"line":16,"column":7},"end":{"line":18,"column":1}},"line":16},"2":{"name":"initialOf","decl":{"start":{"line":20,"column":7},"end":{"line":22,"column":1}},"loc":{"start":{"line":20,"column":7},"end":{"line":22,"column":1}},"line":20}},"f":{"0":7,"1":2,"2":2}}
,"/Users/adri/scripts/projects/bookclub/book-club-mini/frontend/src/lib/spineScale.js": {"path":"/Users/adri/scripts/projects/bookclub/book-club-mini/frontend/src/lib/spineScale.js","all":false,"statementMap":{"0":{"start":{"line":1,"column":0},"end":{"line":1,"column":27}},"1":{"start":{"line":2,"column":0},"end":{"line":2,"column":27}},"3":{"start":{"line":4,"column":0},"end":{"line":4,"column":3}},"4":{"start":{"line":5,"column":0},"end":{"line":5,"column":66}},"5":{"start":{"line":6,"column":0},"end":{"line":6,"column":2}},"6":{"start":{"line":7,"column":0},"end":{"line":7,"column":76}},"7":{"start":{"line":8,"column":0},"end":{"line":8,"column":75}},"8":{"start":{"line":9,"column":0},"end":{"line":9,"column":76}},"9":{"start":{"line":10,"column":0},"end":{"line":10,"column":55}},"10":{"start":{"line":11,"column":0},"end":{"line":11,"column":2}},"11":{"start":{"line":12,"column":0},"end":{"line":12,"column":76}},"12":{"start":{"line":13,"column":0},"end":{"line":13,"column":77}},"13":{"start":{"line":14,"column":0},"end":{"line":14,"column":12}},"14":{"start":{"line":15,"column":0},"end":{"line":15,"column":3}},"15":{"start":{"line":16,"column":0},"end":{"line":16,"column":56}},"16":{"start":{"line":17,"column":0},"end":{"line":17,"column":35}},"17":{"start":{"line":18,"column":0},"end":{"line":18,"column":30}},"18":{"start":{"line":19,"column":0},"end":{"line":19,"column":73}},"19":{"start":{"line":20,"column":0},"end":{"line":20,"column":3}},"20":{"start":{"line":21,"column":0},"end":{"line":21,"column":10}},"21":{"start":{"line":22,"column":0},"end":{"line":22,"column":61}},"22":{"start":{"line":23,"column":0},"end":{"line":23,"column":22}},"23":{"start":{"line":24,"column":0},"end":{"line":24,"column":3}},"24":{"start":{"line":25,"column":0},"end":{"line":25,"column":1}}},"s":{"0":1,"1":1,"3":1,"4":1,"5":1,"6":1,"7":1,"8":1,"9":1,"10":1,"11":1,"12":1,"13":1,"14":1,"15":1,"16":14,"17":14,"18":6,"19":6,"20":8,"21":8,"22":8,"23":8,"24":8},"branchMap":{"0":{"type":"branch","line":16,"loc":{"start":{"line":16,"column":7},"end":{"line":25,"column":1}},"locations":[{"start":{"line":16,"column":7},"end":{"line":25,"column":1}}]},"1":{"type":"branch","line":17,"loc":{"start":{"line":17,"column":31},"end":{"line":17,"column":35}},"locations":[{"start":{"line":17,"column":31},"end":{"line":17,"column":35}}]},"2":{"type":"branch","line":18,"loc":{"start":{"line":18,"column":29},"end":{"line":20,"column":3}},"locations":[{"start":{"line":18,"column":29},"end":{"line":20,"column":3}}]},"3":{"type":"branch","line":20,"loc":{"start":{"line":20,"column":2},"end":{"line":25,"column":1}},"locations":[{"start":{"line":20,"column":2},"end":{"line":25,"column":1}}]}},"b":{"0":[14],"1":[4],"2":[6],"3":[8]},"fnMap":{"0":{"name":"spineScale","decl":{"start":{"line":16,"column":7},"end":{"line":25,"column":1}},"loc":{"start":{"line":16,"column":7},"end":{"line":25,"column":1}},"line":16}},"f":{"0":14}}
}
